2023-04-29 12:55:50.454 - INFO - 6011 - azureml.automl.core.dataset_utilities._save_datasets_to_json:255 - JSON serialization of input of type <class 'NoneType'> is un-supported.
2023-04-29 12:55:50.468 - INFO - 6011 - azureml.automl.core.dataset_utilities._save_datasets_to_json:255 - JSON serialization of input of type <class 'NoneType'> is un-supported.
2023-04-29 12:55:50.475 - INFO - 6011 - azureml.train.automl._experiment_drivers.driver_utilities.validate_input:124 - Start data validation.
2023-04-29 12:55:50.613 - INFO - 6011 - azureml.train.automl._experiment_drivers.driver_utilities.validate_input:137 - Validation service found the data has no errors.
2023-04-29 13:18:23.987 - INFO - 6011 - azureml.automl.runtime.featurization.data_transformer.__init__:190 - Feature sweeping enabled: False
2023-04-29 13:18:24.007 - INFO - 6011 - azureml.automl.runtime.featurization.data_transformer.__init__:191 - Feature sweeping timeout: 86400
2023-04-29 13:21:26.271 - INFO - 6011 - azureml.automl.runtime.featurization.data_transformer._apply_transforms:550 - Starting to apply transforms. Total ram: 14666973184 bytes
2023-04-29 13:21:26.296 - INFO - 6011 - azureml.automl.runtime.featurization.data_transformer._apply_transforms:560 - Transform memory estimate: 0 bytes, Current available memory: 3122233344 bytes
2023-04-29 13:21:26.302 - INFO - 6011 - azureml.automl.runtime.featurization.data_transformer._apply_transforms:572 - SimpleImputer: Applying transform.
2023-04-29 13:21:26.312 - INFO - 6011 - azureml.automl.runtime.featurization.data_transformer._apply_transforms:584 - SimpleImputer: Finished applying transform. Shape (32950, 1)
2023-04-29 13:21:26.318 - INFO - 6011 - azureml.automl.runtime.featurization.data_transformer._apply_transforms:560 - Transform memory estimate: 0 bytes, Current available memory: 3122003968 bytes
2023-04-29 13:21:26.324 - INFO - 6011 - azureml.automl.runtime.featurization.data_transformer._apply_transforms:572 - SimpleImputer: Applying transform.
2023-04-29 13:21:26.332 - INFO - 6011 - azureml.automl.runtime.featurization.data_transformer._apply_transforms:584 - SimpleImputer: Finished applying transform. Shape (32950, 1)
2023-04-29 13:21:26.339 - INFO - 6011 - azureml.automl.runtime.featurization.data_transformer._apply_transforms:560 - Transform memory estimate: 0 bytes, Current available memory: 3122003968 bytes
2023-04-29 13:21:26.344 - INFO - 6011 - azureml.automl.runtime.featurization.data_transformer._apply_transforms:572 - SimpleImputer: Applying transform.
2023-04-29 13:21:26.355 - INFO - 6011 - azureml.automl.runtime.featurization.data_transformer._apply_transforms:584 - SimpleImputer: Finished applying transform. Shape (32950, 1)
2023-04-29 13:21:26.370 - INFO - 6011 - azureml.automl.runtime.featurization.data_transformer._apply_transforms:560 - Transform memory estimate: 0 bytes, Current available memory: 3121758208 bytes
2023-04-29 13:21:26.375 - INFO - 6011 - azureml.automl.runtime.featurization.data_transformer._apply_transforms:572 - SimpleImputer: Applying transform.
2023-04-29 13:21:26.383 - INFO - 6011 - azureml.automl.runtime.featurization.data_transformer._apply_transforms:584 - SimpleImputer: Finished applying transform. Shape (32950, 1)
2023-04-29 13:21:26.389 - INFO - 6011 - azureml.automl.runtime.featurization.data_transformer._apply_transforms:560 - Transform memory estimate: 0 bytes, Current available memory: 3121758208 bytes
2023-04-29 13:21:26.395 - INFO - 6011 - azureml.automl.runtime.featurization.data_transformer._apply_transforms:572 - SimpleImputer: Applying transform.
2023-04-29 13:21:26.405 - INFO - 6011 - azureml.automl.runtime.featurization.data_transformer._apply_transforms:584 - SimpleImputer: Finished applying transform. Shape (32950, 1)
2023-04-29 13:21:26.411 - INFO - 6011 - azureml.automl.runtime.featurization.data_transformer._apply_transforms:560 - Transform memory estimate: 0 bytes, Current available memory: 3121758208 bytes
2023-04-29 13:21:26.418 - INFO - 6011 - azureml.automl.runtime.featurization.data_transformer._apply_transforms:572 - SimpleImputer: Applying transform.
2023-04-29 13:21:26.425 - INFO - 6011 - azureml.automl.runtime.featurization.data_transformer._apply_transforms:584 - SimpleImputer: Finished applying transform. Shape (32950, 1)
2023-04-29 13:21:26.426 - INFO - 6011 - azureml.automl.runtime.featurization.data_transformer._apply_transforms:560 - Transform memory estimate: 0 bytes, Current available memory: 3121500160 bytes
2023-04-29 13:21:26.426 - INFO - 6011 - azureml.automl.runtime.featurization.data_transformer._apply_transforms:572 - SimpleImputer: Applying transform.
2023-04-29 13:21:26.428 - INFO - 6011 - azureml.automl.runtime.featurization.data_transformer._apply_transforms:584 - SimpleImputer: Finished applying transform. Shape (32950, 1)
2023-04-29 13:21:26.428 - INFO - 6011 - azureml.automl.runtime.featurization.data_transformer._apply_transforms:560 - Transform memory estimate: 0 bytes, Current available memory: 3121500160 bytes
2023-04-29 13:21:26.428 - INFO - 6011 - azureml.automl.runtime.featurization.data_transformer._apply_transforms:572 - StringCastTransformer,CountVectorizer: Applying transform.
2023-04-29 13:21:26.555 - INFO - 6011 - azureml.automl.runtime.featurization.data_transformer._apply_transforms:584 - StringCastTransformer,CountVectorizer: Finished applying transform. Shape (32950, 12)
2023-04-29 13:21:26.556 - INFO - 6011 - azureml.automl.runtime.featurization.data_transformer._apply_transforms:560 - Transform memory estimate: 0 bytes, Current available memory: 3120730112 bytes
2023-04-29 13:21:26.556 - INFO - 6011 - azureml.automl.runtime.featurization.data_transformer._apply_transforms:572 - StringCastTransformer,CountVectorizer: Applying transform.
2023-04-29 13:21:26.648 - INFO - 6011 - azureml.automl.runtime.featurization.data_transformer._apply_transforms:584 - StringCastTransformer,CountVectorizer: Finished applying transform. Shape (32950, 4)
2023-04-29 13:21:26.649 - INFO - 6011 - azureml.automl.runtime.featurization.data_transformer._apply_transforms:560 - Transform memory estimate: 0 bytes, Current available memory: 3120730112 bytes
2023-04-29 13:21:26.649 - INFO - 6011 - azureml.automl.runtime.featurization.data_transformer._apply_transforms:572 - StringCastTransformer,CountVectorizer: Applying transform.
2023-04-29 13:21:26.744 - INFO - 6011 - azureml.automl.runtime.featurization.data_transformer._apply_transforms:584 - StringCastTransformer,CountVectorizer: Finished applying transform. Shape (32950, 8)
2023-04-29 13:21:26.745 - INFO - 6011 - azureml.automl.runtime.featurization.data_transformer._apply_transforms:560 - Transform memory estimate: 0 bytes, Current available memory: 3120730112 bytes
2023-04-29 13:21:26.745 - INFO - 6011 - azureml.automl.runtime.featurization.data_transformer._apply_transforms:572 - StringCastTransformer,CountVectorizer: Applying transform.
2023-04-29 13:21:26.846 - INFO - 6011 - azureml.automl.runtime.featurization.data_transformer._apply_transforms:584 - StringCastTransformer,CountVectorizer: Finished applying transform. Shape (32950, 3)
2023-04-29 13:21:26.847 - INFO - 6011 - azureml.automl.runtime.featurization.data_transformer._apply_transforms:560 - Transform memory estimate: 0 bytes, Current available memory: 3120730112 bytes
2023-04-29 13:21:26.847 - INFO - 6011 - azureml.automl.runtime.featurization.data_transformer._apply_transforms:572 - StringCastTransformer,CountVectorizer: Applying transform.
2023-04-29 13:21:26.932 - INFO - 6011 - azureml.automl.runtime.featurization.data_transformer._apply_transforms:584 - StringCastTransformer,CountVectorizer: Finished applying transform. Shape (32950, 3)
2023-04-29 13:21:26.933 - INFO - 6011 - azureml.automl.runtime.featurization.data_transformer._apply_transforms:560 - Transform memory estimate: 0 bytes, Current available memory: 3120500736 bytes
2023-04-29 13:21:26.933 - INFO - 6011 - azureml.automl.runtime.featurization.data_transformer._apply_transforms:572 - StringCastTransformer,CountVectorizer: Applying transform.
2023-04-29 13:21:27.025 - INFO - 6011 - azureml.automl.runtime.featurization.data_transformer._apply_transforms:584 - StringCastTransformer,CountVectorizer: Finished applying transform. Shape (32950, 3)
2023-04-29 13:21:27.026 - INFO - 6011 - azureml.automl.runtime.featurization.data_transformer._apply_transforms:560 - Transform memory estimate: 0 bytes, Current available memory: 3120500736 bytes
2023-04-29 13:21:27.026 - INFO - 6011 - azureml.automl.runtime.featurization.data_transformer._apply_transforms:572 - CatImputer,StringCastTransformer,LabelEncoderTransformer: Applying transform.
2023-04-29 13:21:27.050 - INFO - 6011 - azureml.automl.runtime.featurization.data_transformer._apply_transforms:584 - CatImputer,StringCastTransformer,LabelEncoderTransformer: Finished applying transform. Shape (32950, 1)
2023-04-29 13:21:27.051 - INFO - 6011 - azureml.automl.runtime.featurization.data_transformer._apply_transforms:560 - Transform memory estimate: 0 bytes, Current available memory: 3120500736 bytes
2023-04-29 13:21:27.051 - INFO - 6011 - azureml.automl.runtime.featurization.data_transformer._apply_transforms:572 - StringCastTransformer,CountVectorizer: Applying transform.
2023-04-29 13:21:27.134 - INFO - 6011 - azureml.automl.runtime.featurization.data_transformer._apply_transforms:584 - StringCastTransformer,CountVectorizer: Finished applying transform. Shape (32950, 10)
2023-04-29 13:21:27.135 - INFO - 6011 - azureml.automl.runtime.featurization.data_transformer._apply_transforms:560 - Transform memory estimate: 0 bytes, Current available memory: 3120500736 bytes
2023-04-29 13:21:27.135 - INFO - 6011 - azureml.automl.runtime.featurization.data_transformer._apply_transforms:572 - StringCastTransformer,CountVectorizer: Applying transform.
2023-04-29 13:21:27.219 - INFO - 6011 - azureml.automl.runtime.featurization.data_transformer._apply_transforms:584 - StringCastTransformer,CountVectorizer: Finished applying transform. Shape (32950, 5)
2023-04-29 13:21:27.219 - INFO - 6011 - azureml.automl.runtime.featurization.data_transformer._apply_transforms:560 - Transform memory estimate: 0 bytes, Current available memory: 3120500736 bytes
2023-04-29 13:21:27.220 - INFO - 6011 - azureml.automl.runtime.featurization.data_transformer._apply_transforms:572 - StringCastTransformer,CountVectorizer: Applying transform.
2023-04-29 13:21:27.327 - INFO - 6011 - azureml.automl.runtime.featurization.data_transformer._apply_transforms:584 - StringCastTransformer,CountVectorizer: Finished applying transform. Shape (32950, 39)
2023-04-29 13:21:27.328 - INFO - 6011 - azureml.automl.runtime.featurization.data_transformer._apply_transforms:560 - Transform memory estimate: 0 bytes, Current available memory: 3120500736 bytes
2023-04-29 13:21:27.328 - INFO - 6011 - azureml.automl.runtime.featurization.data_transformer._apply_transforms:572 - StringCastTransformer,CountVectorizer: Applying transform.
2023-04-29 13:21:27.438 - INFO - 6011 - azureml.automl.runtime.featurization.data_transformer._apply_transforms:584 - StringCastTransformer,CountVectorizer: Finished applying transform. Shape (32950, 26)
2023-04-29 13:21:27.438 - INFO - 6011 - azureml.automl.runtime.featurization.data_transformer._apply_transforms:560 - Transform memory estimate: 0 bytes, Current available memory: 3120500736 bytes
2023-04-29 13:21:27.439 - INFO - 6011 - azureml.automl.runtime.featurization.data_transformer._apply_transforms:572 - StringCastTransformer,CountVectorizer: Applying transform.
2023-04-29 13:21:27.539 - INFO - 6011 - azureml.automl.runtime.featurization.data_transformer._apply_transforms:584 - StringCastTransformer,CountVectorizer: Finished applying transform. Shape (32950, 8)
2023-04-29 13:21:27.539 - INFO - 6011 - azureml.automl.runtime.featurization.data_transformer._apply_transforms:560 - Transform memory estimate: 0 bytes, Current available memory: 3120500736 bytes
2023-04-29 13:21:27.540 - INFO - 6011 - azureml.automl.runtime.featurization.data_transformer._apply_transforms:572 - StringCastTransformer,CountVectorizer: Applying transform.
2023-04-29 13:21:27.632 - INFO - 6011 - azureml.automl.runtime.featurization.data_transformer._apply_transforms:584 - StringCastTransformer,CountVectorizer: Finished applying transform. Shape (32950, 3)
2023-04-29 13:21:27.633 - INFO - 6011 - azureml.automl.runtime.featurization.data_transformer._apply_transforms:595 - Finished applying transforms
2023-04-29 13:21:27.633 - INFO - 6011 - azureml.automl.runtime.shared.memory_utilities._is_low_memory:205 - Total ram: 14666973184 bytes, Current Available memory: 3120500736 bytes. Low memory threshold: 0.5
